File: output/class.out                                 UH v3.0.8, 09/2023
 
  
  HYDROGRAPH CALCULATION FOR WATERSHED-SCS METHOD
  
 INPUTS
 ------
Storm Rainfall=   88.00 mm
SCS storm type= user 
Storm duration=   6.0 h
SCS Curve number=  87.0
Watershed area=    0.10 ha
Maximum flow path length=   21.10 m
Average slope of flow path=    4.20 %
MUSLE type=  1 where R-factor is (see manual)
  0=Foster, 1=Williams,   2=GLEAMS
  3=Cooley, 4=PRZM-MUSLE, 5=PRZM-MUSS
  
 OUTPUTS
 -------
Runoff volume=  489.83 mm=  489.83 m3
Initial Abstraction=    7.59 mm
Concentration time=    0.02 h=     1.44 min
  
 SCS  0.3-min unit hydrograph
 time (h)    q(m3/s)   q(mm/h)
------------------------------
    0.0000    0.0000    0.0000
    0.0058    0.0024    8.6602
    0.0116    0.0093   33.6238
    0.0173    0.0123   44.1314
    0.0231    0.0103   37.1538
    0.0289    0.0068   24.5240
    0.0347    0.0039   13.8784
    0.0404    0.0020    7.0626
    0.0462    0.0009    3.3253
    0.0520    0.0004    1.4754
    0.0578    0.0002    0.6247
    0.0636    0.0001    0.2547
    0.0693    0.0000    0.1006
    0.0751    0.0000    0.0387
    0.0809    0.0000    0.0146
    0.0867    0.0000    0.0054
    0.0924    0.0000    0.0020

PASSED unit hydrograph check- V(mm)=  1.01
Number of unit hydrograph steps (n)  =   17
Number of excess hyetograph steps (m)=  950

 Final hydrograph (convolution)
 time (h)    q(m3/s)   q(mm/h)
------------------------------
    0.5197    0.0000    0.0000
    0.5255    0.0000    0.0002
    0.5313    0.0000    0.0038
    0.5371    0.0000    0.0184
    0.5428    0.0000    0.0486
    0.5486    0.0000    0.0928
    0.5544    0.0000    0.1465
    0.5602    0.0001    0.2058
    0.5659    0.0001    0.2677
    0.5717    0.0001    0.3306
    0.5775    0.0001    0.3938
    0.5833    0.0001    0.4569
    0.5891    0.0001    0.5197
    0.5948    0.0002    0.5821
    0.6006    0.0002    0.6442
    0.6064    0.0002    0.7058
    0.6122    0.0002    0.7670
    0.6179    0.0002    0.8279
    0.6237    0.0002    0.8883
    0.6295    0.0003    0.9484
    0.6353    0.0003    1.0080
    0.6411    0.0003    1.0673
    0.6468    0.0003    1.1262
    0.6526    0.0003    1.1847
    0.6584    0.0003    1.2429
    0.6642    0.0004    1.3007
    0.6699    0.0004    1.3581
    0.6757    0.0004    1.4151
    0.6815    0.0004    1.4718
    0.6873    0.0004    1.5281
    0.6931    0.0004    1.5841
    0.6988    0.0005    1.6397
    0.7046    0.0005    1.6950
    0.7104    0.0005    1.7499
    0.7162    0.0005    1.8045
    0.7219    0.0005    1.8587
    0.7277    0.0005    1.9126
    0.7335    0.0005    1.9661
    0.7393    0.0006    2.0194
    0.7450    0.0006    2.0723
    0.7508    0.0006    2.1248
    0.7566    0.0006    2.1771
    0.7624    0.0006    2.2290
    0.7682    0.0006    2.2806
    0.7739    0.0006    2.3319
    0.7797    0.0007    2.3828
    0.7855    0.0007    2.4335
    0.7913    0.0007    2.4839
    0.7970    0.0007    2.5339
    0.8028    0.0007    2.5836
    0.8086    0.0007    2.6331
    0.8144    0.0007    2.6822
    0.8202    0.0008    2.7311
    0.8259    0.0008    2.7796
    0.8317    0.0008    2.8279
    0.8375    0.0008    2.8758
    0.8433    0.0008    2.9235
    0.8490    0.0008    2.9709
    0.8548    0.0008    3.0180
    0.8606    0.0009    3.0648
    0.8664    0.0009    3.1114
    0.8721    0.0009    3.1576
    0.8779    0.0009    3.2036
    0.8837    0.0009    3.2494
    0.8895    0.0009    3.2948
    0.8953    0.0009    3.3400
    0.9010    0.0009    3.3850
    0.9068    0.0010    3.4296
    0.9126    0.0010    3.4740
    0.9184    0.0010    3.5182
    0.9241    0.0010    3.5620
    0.9299    0.0010    3.6057
    0.9357    0.0010    3.6490
    0.9415    0.0010    3.6922
    0.9473    0.0010    3.7350
    0.9530    0.0010    3.7777
    0.9588    0.0011    3.8201
    0.9646    0.0011    3.8622
    0.9704    0.0011    3.9041
    0.9761    0.0011    3.9457
    0.9819    0.0011    3.9872
    0.9877    0.0011    4.0283
    0.9935    0.0011    4.0693
    0.9992    0.0011    4.1100
    1.0050    0.0012    4.1505
    1.0108    0.0012    4.1907
    1.0166    0.0012    4.2308
    1.0224    0.0012    4.2706
    1.0281    0.0012    4.3101
    1.0339    0.0012    4.3495
    1.0397    0.0012    4.3886
    1.0455    0.0012    4.4275
    1.0512    0.0012    4.4662
    1.0570    0.0013    4.5047
    1.0628    0.0013    4.5430
    1.0686    0.0013    4.5810
    1.0744    0.0013    4.6189
    1.0801    0.0013    4.6565
    1.0859    0.0013    4.6939
    1.0917    0.0013    4.7312
    1.0975    0.0013    4.7682
    1.1032    0.0013    4.8050
    1.1090    0.0013    4.8416
    1.1148    0.0014    4.8780
    1.1206    0.0014    4.9142
    1.1264    0.0014    4.9502
    1.1321    0.0014    4.9860
    1.1379    0.0014    5.0217
    1.1437    0.0014    5.0571
    1.1495    0.0014    5.0923
    1.1552    0.0014    5.1274
    1.1610    0.0014    5.1622
    1.1668    0.0014    5.1969
    1.1726    0.0015    5.2314
    1.1783    0.0015    5.2657
    1.1841    0.0015    5.2998
    1.1899    0.0015    5.3337
    1.1957    0.0015    5.3674
    1.2015    0.0015    5.4010
    1.2072    0.0015    5.4344
    1.2130    0.0015    5.4676
    1.2188    0.0015    5.5006
    1.2246    0.0015    5.5335
    1.2303    0.0015    5.5662
    1.2361    0.0016    5.5987
    1.2419    0.0016    5.6310
    1.2477    0.0016    5.6632
    1.2535    0.0016    5.6952
    1.2592    0.0016    5.7271
    1.2650    0.0016    5.7587
    1.2708    0.0016    5.7902
    1.2766    0.0016    5.8216
    1.2823    0.0016    5.8528
    1.2881    0.0016    5.8838
    1.2939    0.0016    5.9146
    1.2997    0.0017    5.9453
    1.3054    0.0017    5.9759
    1.3112    0.0017    6.0062
    1.3170    0.0017    6.0365
    1.3228    0.0017    6.0665
    1.3286    0.0017    6.0964
    1.3343    0.0017    6.1262
    1.3401    0.0017    6.1558
    1.3459    0.0017    6.1853
    1.3517    0.0017    6.2146
    1.3574    0.0017    6.2437
    1.3632    0.0017    6.2727
    1.3690    0.0018    6.3016
    1.3748    0.0018    6.3303
    1.3806    0.0018    6.3589
    1.3863    0.0018    6.3873
    1.3921    0.0018    6.4156
    1.3979    0.0018    6.4437
    1.4037    0.0018    6.4717
    1.4094    0.0018    6.4996
    1.4152    0.0018    6.5273
    1.4210    0.0018    6.5549
    1.4268    0.0018    6.5823
    1.4326    0.0018    6.6097
    1.4383    0.0018    6.6368
    1.4441    0.0019    6.6639
    1.4499    0.0019    6.6908
    1.4557    0.0019    6.7175
    1.4614    0.0019    6.7442
    1.4672    0.0019    6.7707
    1.4730    0.0019    6.7971
    1.4788    0.0019    6.8233
    1.4845    0.0019    6.8494
    1.4903    0.0019    6.8754
    1.4961    0.0019    6.9013
    1.5019    0.0019    6.9270
    1.5077    0.0019    6.9526
    1.5134    0.0019    6.9781
    1.5192    0.0019    7.0035
    1.5250    0.0020    7.0287
    1.5308    0.0020    7.0538
    1.5365    0.0020    7.0788
    1.5423    0.0020    7.1037
    1.5481    0.0020    7.1285
    1.5539    0.0020    7.1531
    1.5597    0.0020    7.1776
    1.5654    0.0020    7.2020
    1.5712    0.0020    7.2263
    1.5770    0.0020    7.2505
    1.5828    0.0020    7.2745
    1.5885    0.0020    7.2985
    1.5943    0.0020    7.3223
    1.6001    0.0020    7.3460
    1.6059    0.0020    7.3696
    1.6116    0.0021    7.3931
    1.6174    0.0021    7.4165
    1.6232    0.0021    7.4397
    1.6290    0.0021    7.4629
    1.6348    0.0021    7.4859
    1.6405    0.0021    7.5089
    1.6463    0.0021    7.5317
    1.6521    0.0021    7.5544
    1.6579    0.0021    7.5770
    1.6636    0.0021    7.5996
    1.6694    0.0021    7.6220
    1.6752    0.0021    7.6443
    1.6810    0.0021    7.6665
    1.6868    0.0021    7.6886
    1.6925    0.0021    7.7106
    1.6983    0.0021    7.7325
    1.7041    0.0022    7.7542
    1.7099    0.0022    7.7759
    1.7156    0.0022    7.7975
    1.7214    0.0022    7.8190
    1.7272    0.0022    7.8404
    1.7330    0.0022    7.8617
    1.7387    0.0022    7.8829
    1.7445    0.0022    7.9040
    1.7503    0.0022    7.9250
    1.7561    0.0022    7.9459
    1.7619    0.0022    7.9667
    1.7676    0.0022    7.9875
    1.7734    0.0022    8.0081
    1.7792    0.0022    8.0286
    1.7850    0.0022    8.0491
    1.7907    0.0022    8.0694
    1.7965    0.0022    8.0897
    1.8023    0.0023    8.1098
    1.8081    0.0023    8.1299
    1.8139    0.0023    8.1499
    1.8196    0.0023    8.1698
    1.8254    0.0023    8.1896
    1.8312    0.0023    8.2093
    1.8370    0.0023    8.2289
    1.8427    0.0023    8.2485
    1.8485    0.0023    8.2679
    1.8543    0.0023    8.2873
    1.8601    0.0023    8.3066
    1.8659    0.0023    8.3258
    1.8716    0.0023    8.3449
    1.8774    0.0023    8.3639
    1.8832    0.0023    8.3829
    1.8890    0.0023    8.4017
    1.8947    0.0023    8.4205
    1.9005    0.0023    8.4392
    1.9063    0.0023    8.4578
    1.9121    0.0024    8.4763
    1.9178    0.0024    8.4948
    1.9236    0.0024    8.5132
    1.9294    0.0024    8.5315
    1.9352    0.0024    8.5497
    1.9410    0.0024    8.5678
    1.9467    0.0024    8.5858
    1.9525    0.0024    8.6038
    1.9583    0.0024    8.6217
    1.9641    0.0024    8.6395
    1.9698    0.0024    8.6573
    1.9756    0.0024    8.6750
    1.9814    0.0024    8.6925
    1.9872    0.0024    8.7101
    1.9930    0.0024    8.7275
    1.9987    0.0024    8.7449
    2.0045    0.0024    8.7622
    2.0103    0.0024    8.7794
    2.0161    0.0024    8.7965
    2.0218    0.0024    8.8136
    2.0276    0.0025    8.8306
    2.0334    0.0025    8.8475
    2.0392    0.0025    8.8644
    2.0449    0.0025    8.8811
    2.0507    0.0025    8.8979
    2.0565    0.0025    8.9145
    2.0623    0.0025    8.9311
    2.0681    0.0025    8.9476
    2.0738    0.0025    8.9640
    2.0796    0.0025    8.9804
    2.0854    0.0025    8.9967
    2.0912    0.0025    9.0129
    2.0969    0.0025    9.0291
    2.1027    0.0025    9.0451
    2.1085    0.0025    9.0612
    2.1143    0.0025    9.0771
    2.1201    0.0025    9.0930
    2.1258    0.0025    9.1088
    2.1316    0.0025    9.1246
    2.1374    0.0025    9.1403
    2.1432    0.0025    9.1559
    2.1489    0.0025    9.1715
    2.1547    0.0026    9.1870
    2.1605    0.0026    9.2024
    2.1663    0.0026    9.2178
    2.1720    0.0026    9.2331
    2.1778    0.0026    9.2484
    2.1836    0.0026    9.2635
    2.1894    0.0026    9.2787
    2.1952    0.0026    9.2937
    2.2009    0.0026    9.3087
    2.2067    0.0026    9.3237
    2.2125    0.0026    9.3385
    2.2183    0.0026    9.3534
    2.2240    0.0026    9.3681
    2.2298    0.0026    9.3828
    2.2356    0.0026    9.3975
    2.2414    0.0026    9.4120
    2.2472    0.0026    9.4266
    2.2529    0.0026    9.4410
    2.2587    0.0026    9.4554
    2.2645    0.0026    9.4698
    2.2703    0.0026    9.4841
    2.2760    0.0026    9.4983
    2.2818    0.0026    9.5125
    2.2876    0.0026    9.5266
    2.2934    0.0027    9.5406
    2.2992    0.0027    9.5546
    2.3049    0.0027    9.5686
    2.3107    0.0027    9.5825
    2.3165    0.0027    9.5963
    2.3223    0.0027    9.6101
    2.3280    0.0027    9.6238
    2.3338    0.0027    9.6375
    2.3396    0.0027    9.6511
    2.3454    0.0027    9.6647
    2.3511    0.0027    9.6782
    2.3569    0.0027    9.6917
    2.3627    0.0027    9.7051
    2.3685    0.0027    9.7184
    2.3743    0.0027    9.7317
    2.3800    0.0027    9.7450
    2.3858    0.0027    9.7582
    2.3916    0.0027    9.7713
    2.3974    0.0027    9.7844
    2.4031    0.0027    9.7975
    2.4089    0.0027    9.8105
    2.4147    0.0027    9.8234
    2.4205    0.0027    9.8363
    2.4263    0.0027    9.8492
    2.4320    0.0027    9.8620
    2.4378    0.0027    9.8747
    2.4436    0.0027    9.8874
    2.4494    0.0028    9.9000
    2.4551    0.0028    9.9126
    2.4609    0.0028    9.9252
    2.4667    0.0028    9.9377
    2.4725    0.0028    9.9502
    2.4782    0.0028    9.9626
    2.4840    0.0028    9.9749
    2.4898    0.0028    9.9872
    2.4956    0.0028    9.9995
    2.5014    0.0028   10.0117
    2.5071    0.0028   10.0239
    2.5129    0.0028   10.0360
    2.5187    0.0028   10.0481
    2.5245    0.0028   10.0601
    2.5302    0.0028   10.0721
    2.5360    0.0028   10.0840
    2.5418    0.0028   10.0959
    2.5476    0.0028   10.1078
    2.5534    0.0028   10.1196
    2.5591    0.0028   10.1314
    2.5649    0.0028   10.1431
    2.5707    0.0028   10.1548
    2.5765    0.0028   10.1664
    2.5822    0.0028   10.1780
    2.5880    0.0028   10.1895
    2.5938    0.0028   10.2010
    2.5996    0.0028   10.2125
    2.6053    0.0028   10.2239
    2.6111    0.0028   10.2353
    2.6169    0.0028   10.2466
    2.6227    0.0028   10.2579
    2.6285    0.0029   10.2691
    2.6342    0.0029   10.2804
    2.6400    0.0029   10.2915
    2.6458    0.0029   10.3026
    2.6516    0.0029   10.3137
    2.6573    0.0029   10.3248
    2.6631    0.0029   10.3358
    2.6689    0.0029   10.3467
    2.6747    0.0029   10.3576
    2.6805    0.0029   10.3685
    2.6862    0.0029   10.3794
    2.6920    0.0029   10.3902
    2.6978    0.0029   10.4009
    2.7036    0.0029   10.4117
    2.7093    0.0029   10.4223
    2.7151    0.0029   10.4330
    2.7209    0.0029   10.4436
    2.7267    0.0029   10.4542
    2.7325    0.0029   10.4647
    2.7382    0.0029   10.4752
    2.7440    0.0029   10.4856
    2.7498    0.0029   10.4960
    2.7556    0.0029   10.5064
    2.7613    0.0029   10.5168
    2.7671    0.0029   10.5271
    2.7729    0.0029   10.5373
    2.7787    0.0029   10.5476
    2.7844    0.0029   10.5577
    2.7902    0.0029   10.5679
    2.7960    0.0029   10.5780
    2.8018    0.0029   10.5881
    2.8076    0.0029   10.5981
    2.8133    0.0029   10.6082
    2.8191    0.0029   10.6181
    2.8249    0.0030   10.6281
    2.8307    0.0030   10.6380
    2.8364    0.0030   10.6479
    2.8422    0.0030   10.6577
    2.8480    0.0030   10.6675
    2.8538    0.0030   10.6773
    2.8596    0.0030   10.6870
    2.8653    0.0030   10.6967
    2.8711    0.0030   10.7063
    2.8769    0.0030   10.7160
    2.8827    0.0030   10.7256
    2.8884    0.0030   10.7351
    2.8942    0.0030   10.7447
    2.9000    0.0030   10.7541
    2.9058    0.0030   10.7636
    2.9115    0.0030   10.7730
    2.9173    0.0030   10.7824
    2.9231    0.0030   10.7918
    2.9289    0.0030   10.8011
    2.9347    0.0030   10.8104
    2.9404    0.0030   10.8197
    2.9462    0.0030   10.8289
    2.9520    0.0030   10.8381
    2.9578    0.0030   10.8473
    2.9635    0.0030   10.8564
    2.9693    0.0030   10.8655
    2.9751    0.0030   10.8746
    2.9809    0.0030   10.8836
    2.9867    0.0030   10.8927
    2.9924    0.0030   10.9016
    2.9982    0.0030   10.9106
    3.0040    0.0030   10.9195
    3.0098    0.0030   10.9284
    3.0155    0.0030   10.9373
    3.0213    0.0030   10.9461
    3.0271    0.0030   10.9549
    3.0329    0.0030   10.9637
    3.0387    0.0030   10.9724
    3.0444    0.0031   10.9811
    3.0502    0.0031   10.9898
    3.0560    0.0031   10.9984
    3.0618    0.0031   11.0070
    3.0675    0.0031   11.0156
    3.0733    0.0031   11.0242
    3.0791    0.0031   11.0327
    3.0849    0.0031   11.0412
    3.0906    0.0031   11.0497
    3.0964    0.0031   11.0582
    3.1022    0.0031   11.0666
    3.1080    0.0031   11.0750
    3.1138    0.0031   11.0833
    3.1195    0.0031   11.0917
    3.1253    0.0031   11.1000
    3.1311    0.0031   11.1082
    3.1369    0.0031   11.1165
    3.1426    0.0031   11.1247
    3.1484    0.0031   11.1329
    3.1542    0.0031   11.1411
    3.1600    0.0031   11.1492
    3.1658    0.0031   11.1573
    3.1715    0.0031   11.1654
    3.1773    0.0031   11.1735
    3.1831    0.0031   11.1815
    3.1889    0.0031   11.1895
    3.1946    0.0031   11.1975
    3.2004    0.0031   11.2055
    3.2062    0.0031   11.2134
    3.2120    0.0031   11.2213
    3.2177    0.0031   11.2292
    3.2235    0.0031   11.2370
    3.2293    0.0031   11.2448
    3.2351    0.0031   11.2526
    3.2409    0.0031   11.2604
    3.2466    0.0031   11.2682
    3.2524    0.0031   11.2759
    3.2582    0.0031   11.2836
    3.2640    0.0031   11.2912
    3.2697    0.0031   11.2989
    3.2755    0.0031   11.3065
    3.2813    0.0031   11.3141
    3.2871    0.0031   11.3217
    3.2929    0.0031   11.3292
    3.2986    0.0031   11.3368
    3.3044    0.0032   11.3443
    3.3102    0.0032   11.3517
    3.3160    0.0032   11.3592
    3.3217    0.0032   11.3666
    3.3275    0.0032   11.3740
    3.3333    0.0032   11.3814
    3.3391    0.0032   11.3887
    3.3448    0.0032   11.3961
    3.3506    0.0032   11.4034
    3.3564    0.0032   11.4107
    3.3622    0.0032   11.4179
    3.3680    0.0032   11.4252
    3.3737    0.0032   11.4324
    3.3795    0.0032   11.4396
    3.3853    0.0032   11.4467
    3.3911    0.0032   11.4539
    3.3968    0.0032   11.4610
    3.4026    0.0032   11.4681
    3.4084    0.0032   11.4752
    3.4142    0.0032   11.4822
    3.4200    0.0032   11.4893
    3.4257    0.0032   11.4963
    3.4315    0.0032   11.5033
    3.4373    0.0032   11.5102
    3.4431    0.0032   11.5172
    3.4488    0.0032   11.5241
    3.4546    0.0032   11.5310
    3.4604    0.0032   11.5379
    3.4662    0.0032   11.5448
    3.4720    0.0032   11.5516
    3.4777    0.0032   11.5584
    3.4835    0.0032   11.5652
    3.4893    0.0032   11.5720
    3.4951    0.0032   11.5787
    3.5008    0.0032   11.5854
    3.5066    0.0032   11.5922
    3.5124    0.0032   11.5988
    3.5182    0.0032   11.6055
    3.5239    0.0032   11.6122
    3.5297    0.0032   11.6188
    3.5355    0.0032   11.6254
    3.5413    0.0032   11.6320
    3.5471    0.0032   11.6385
    3.5528    0.0032   11.6451
    3.5586    0.0032   11.6516
    3.5644    0.0032   11.6581
    3.5702    0.0032   11.6646
    3.5759    0.0032   11.6711
    3.5817    0.0032   11.6775
    3.5875    0.0032   11.6839
    3.5933    0.0032   11.6903
    3.5991    0.0032   11.6967
    3.6048    0.0033   11.7031
    3.6106    0.0033   11.7094
    3.6164    0.0033   11.7158
    3.6222    0.0033   11.7221
    3.6279    0.0033   11.7283
    3.6337    0.0033   11.7346
    3.6395    0.0033   11.7409
    3.6453    0.0033   11.7471
    3.6510    0.0033   11.7533
    3.6568    0.0033   11.7595
    3.6626    0.0033   11.7657
    3.6684    0.0033   11.7718
    3.6742    0.0033   11.7780
    3.6799    0.0033   11.7841
    3.6857    0.0033   11.7902
    3.6915    0.0033   11.7963
    3.6973    0.0033   11.8023
    3.7030    0.0033   11.8084
    3.7088    0.0033   11.8144
    3.7146    0.0033   11.8204
    3.7204    0.0033   11.8264
    3.7262    0.0033   11.8324
    3.7319    0.0033   11.8383
    3.7377    0.0033   11.8443
    3.7435    0.0033   11.8502
    3.7493    0.0033   11.8561
    3.7550    0.0033   11.8620
    3.7608    0.0033   11.8678
    3.7666    0.0033   11.8737
    3.7724    0.0033   11.8795
    3.7781    0.0033   11.8853
    3.7839    0.0033   11.8911
    3.7897    0.0033   11.8969
    3.7955    0.0033   11.9026
    3.8013    0.0033   11.9084
    3.8070    0.0033   11.9141
    3.8128    0.0033   11.9198
    3.8186    0.0033   11.9255
    3.8244    0.0033   11.9312
    3.8301    0.0033   11.9369
    3.8359    0.0033   11.9425
    3.8417    0.0033   11.9481
    3.8475    0.0033   11.9537
    3.8533    0.0033   11.9593
    3.8590    0.0033   11.9649
    3.8648    0.0033   11.9705
    3.8706    0.0033   11.9760
    3.8764    0.0033   11.9815
    3.8821    0.0033   11.9871
    3.8879    0.0033   11.9926
    3.8937    0.0033   11.9980
    3.8995    0.0033   12.0035
    3.9053    0.0033   12.0090
    3.9110    0.0033   12.0144
    3.9168    0.0033   12.0198
    3.9226    0.0033   12.0252
    3.9284    0.0033   12.0306
    3.9341    0.0033   12.0360
    3.9399    0.0033   12.0413
    3.9457    0.0033   12.0467
    3.9515    0.0033   12.0520
    3.9572    0.0033   12.0573
    3.9630    0.0034   12.0626
    3.9688    0.0034   12.0679
    3.9746    0.0034   12.0731
    3.9804    0.0034   12.0784
    3.9861    0.0034   12.0836
    3.9919    0.0034   12.0888
    3.9977    0.0034   12.0940
    4.0035    0.0034   12.0992
    4.0092    0.0034   12.1044
    4.0150    0.0034   12.1095
    4.0208    0.0034   12.1147
    4.0266    0.0034   12.1198
    4.0324    0.0034   12.1249
    4.0381    0.0034   12.1300
    4.0439    0.0034   12.1351
    4.0497    0.0034   12.1402
    4.0555    0.0034   12.1452
    4.0612    0.0034   12.1503
    4.0670    0.0034   12.1553
    4.0728    0.0034   12.1603
    4.0786    0.0034   12.1653
    4.0843    0.0034   12.1703
    4.0901    0.0034   12.1753
    4.0959    0.0034   12.1802
    4.1017    0.0034   12.1852
    4.1075    0.0034   12.1901
    4.1132    0.0034   12.1950
    4.1190    0.0034   12.1999
    4.1248    0.0034   12.2048
    4.1306    0.0034   12.2097
    4.1363    0.0034   12.2145
    4.1421    0.0034   12.2194
    4.1479    0.0034   12.2242
    4.1537    0.0034   12.2290
    4.1595    0.0034   12.2338
    4.1652    0.0034   12.2386
    4.1710    0.0034   12.2434
    4.1768    0.0034   12.2482
    4.1826    0.0034   12.2529
    4.1883    0.0034   12.2577
    4.1941    0.0034   12.2624
    4.1999    0.0034   12.2671
    4.2057    0.0034   12.2718
    4.2115    0.0034   12.2765
    4.2172    0.0034   12.2812
    4.2230    0.0034   12.2858
    4.2288    0.0034   12.2905
    4.2346    0.0034   12.2951
    4.2403    0.0034   12.2997
    4.2461    0.0034   12.3043
    4.2519    0.0034   12.3089
    4.2577    0.0034   12.3135
    4.2634    0.0034   12.3181
    4.2692    0.0034   12.3227
    4.2750    0.0034   12.3272
    4.2808    0.0034   12.3317
    4.2866    0.0034   12.3363
    4.2923    0.0034   12.3408
    4.2981    0.0034   12.3453
    4.3039    0.0034   12.3497
    4.3097    0.0034   12.3542
    4.3154    0.0034   12.3587
    4.3212    0.0034   12.3631
    4.3270    0.0034   12.3676
    4.3328    0.0034   12.3720
    4.3386    0.0034   12.3764
    4.3443    0.0034   12.3808
    4.3501    0.0034   12.3852
    4.3559    0.0034   12.3896
    4.3617    0.0034   12.3939
    4.3674    0.0034   12.3983
    4.3732    0.0034   12.4026
    4.3790    0.0034   12.4070
    4.3848    0.0034   12.4113
    4.3905    0.0034   12.4156
    4.3963    0.0034   12.4199
    4.4021    0.0035   12.4242
    4.4079    0.0035   12.4284
    4.4137    0.0035   12.4327
    4.4194    0.0035   12.4369
    4.4252    0.0035   12.4412
    4.4310    0.0035   12.4454
    4.4368    0.0035   12.4496
    4.4425    0.0035   12.4538
    4.4483    0.0035   12.4580
    4.4541    0.0035   12.4622
    4.4599    0.0035   12.4664
    4.4657    0.0035   12.4705
    4.4714    0.0035   12.4747
    4.4772    0.0035   12.4788
    4.4830    0.0035   12.4829
    4.4888    0.0035   12.4871
    4.4945    0.0035   12.4912
    4.5003    0.0035   12.4952
    4.5061    0.0035   12.4993
    4.5119    0.0035   12.5034
    4.5176    0.0035   12.5075
    4.5234    0.0035   12.5115
    4.5292    0.0035   12.5156
    4.5350    0.0035   12.5196
    4.5408    0.0035   12.5236
    4.5465    0.0035   12.5276
    4.5523    0.0035   12.5316
    4.5581    0.0035   12.5356
    4.5639    0.0035   12.5396
    4.5696    0.0035   12.5435
    4.5754    0.0035   12.5475
    4.5812    0.0035   12.5514
    4.5870    0.0035   12.5554
    4.5928    0.0035   12.5593
    4.5985    0.0035   12.5632
    4.6043    0.0035   12.5671
    4.6101    0.0035   12.5710
    4.6159    0.0035   12.5749
    4.6216    0.0035   12.5788
    4.6274    0.0035   12.5826
    4.6332    0.0035   12.5865
    4.6390    0.0035   12.5903
    4.6448    0.0035   12.5942
    4.6505    0.0035   12.5980
    4.6563    0.0035   12.6018
    4.6621    0.0035   12.6056
    4.6679    0.0035   12.6094
    4.6736    0.0035   12.6132
    4.6794    0.0035   12.6170
    4.6852    0.0035   12.6207
    4.6910    0.0035   12.6245
    4.6967    0.0035   12.6282
    4.7025    0.0035   12.6320
    4.7083    0.0035   12.6357
    4.7141    0.0035   12.6394
    4.7199    0.0035   12.6431
    4.7256    0.0035   12.6468
    4.7314    0.0035   12.6505
    4.7372    0.0035   12.6542
    4.7430    0.0035   12.6578
    4.7487    0.0035   12.6615
    4.7545    0.0035   12.6652
    4.7603    0.0035   12.6688
    4.7661    0.0035   12.6724
    4.7719    0.0035   12.6761
    4.7776    0.0035   12.6797
    4.7834    0.0035   12.6833
    4.7892    0.0035   12.6869
    4.7950    0.0035   12.6905
    4.8007    0.0035   12.6940
    4.8065    0.0035   12.6976
    4.8123    0.0035   12.7012
    4.8181    0.0035   12.7047
    4.8238    0.0035   12.7083
    4.8296    0.0035   12.7118
    4.8354    0.0035   12.7153
    4.8412    0.0035   12.7188
    4.8470    0.0035   12.7223
    4.8527    0.0035   12.7258
    4.8585    0.0035   12.7293
    4.8643    0.0035   12.7328
    4.8701    0.0035   12.7363
    4.8758    0.0035   12.7397
    4.8816    0.0035   12.7432
    4.8874    0.0035   12.7466
    4.8932    0.0035   12.7501
    4.8990    0.0035   12.7535
    4.9047    0.0035   12.7569
    4.9105    0.0035   12.7603
    4.9163    0.0035   12.7637
    4.9221    0.0035   12.7671
    4.9278    0.0035   12.7705
    4.9336    0.0035   12.7739
    4.9394    0.0035   12.7772
    4.9452    0.0036   12.7806
    4.9509    0.0036   12.7840
    4.9567    0.0036   12.7873
    4.9625    0.0036   12.7906
    4.9683    0.0036   12.7940
    4.9741    0.0036   12.7973
    4.9798    0.0036   12.8006
    4.9856    0.0036   12.8039
    4.9914    0.0036   12.8072
    4.9972    0.0036   12.8105
    5.0029    0.0036   12.8138
    5.0087    0.0036   12.8170
    5.0145    0.0036   12.8203
    5.0203    0.0036   12.8235
    5.0261    0.0036   12.8268
    5.0318    0.0036   12.8300
    5.0376    0.0036   12.8333
    5.0434    0.0036   12.8365
    5.0492    0.0036   12.8397
    5.0549    0.0036   12.8429
    5.0607    0.0036   12.8461
    5.0665    0.0036   12.8493
    5.0723    0.0036   12.8525
    5.0781    0.0036   12.8557
    5.0838    0.0036   12.8588
    5.0896    0.0036   12.8620
    5.0954    0.0036   12.8651
    5.1012    0.0036   12.8683
    5.1069    0.0036   12.8714
    5.1127    0.0036   12.8745
    5.1185    0.0036   12.8777
    5.1243    0.0036   12.8808
    5.1300    0.0036   12.8839
    5.1358    0.0036   12.8870
    5.1416    0.0036   12.8901
    5.1474    0.0036   12.8932
    5.1532    0.0036   12.8962
    5.1589    0.0036   12.8993
    5.1647    0.0036   12.9024
    5.1705    0.0036   12.9054
    5.1763    0.0036   12.9085
    5.1820    0.0036   12.9115
    5.1878    0.0036   12.9146
    5.1936    0.0036   12.9176
    5.1994    0.0036   12.9206
    5.2052    0.0036   12.9236
    5.2109    0.0036   12.9266
    5.2167    0.0036   12.9296
    5.2225    0.0036   12.9326
    5.2283    0.0036   12.9356
    5.2340    0.0036   12.9386
    5.2398    0.0036   12.9415
    5.2456    0.0036   12.9445
    5.2514    0.0036   12.9474
    5.2571    0.0036   12.9504
    5.2629    0.0036   12.9533
    5.2687    0.0036   12.9563
    5.2745    0.0036   12.9592
    5.2803    0.0036   12.9621
    5.2860    0.0036   12.9650
    5.2918    0.0036   12.9679
    5.2976    0.0036   12.9708
    5.3034    0.0036   12.9737
    5.3091    0.0036   12.9766
    5.3149    0.0036   12.9795
    5.3207    0.0036   12.9824
    5.3265    0.0036   12.9852
    5.3323    0.0036   12.9881
    5.3380    0.0036   12.9909
    5.3438    0.0036   12.9938
    5.3496    0.0036   12.9966
    5.3554    0.0036   12.9995
    5.3611    0.0036   13.0023
    5.3669    0.0036   13.0051
    5.3727    0.0036   13.0079
    5.3785    0.0036   13.0107
    5.3842    0.0036   13.0135
    5.3900    0.0036   13.0163
    5.3958    0.0036   13.0191
    5.4016    0.0036   13.0219
    5.4074    0.0036   13.0246
    5.4131    0.0036   13.0274
    5.4189    0.0036   13.0302
    5.4247    0.0036   13.0329
    5.4305    0.0036   13.0357
    5.4362    0.0036   13.0384
    5.4420    0.0036   13.0411
    5.4478    0.0036   13.0439
    5.4536    0.0036   13.0466
    5.4594    0.0036   13.0493
    5.4651    0.0036   13.0520
    5.4709    0.0036   13.0547
    5.4767    0.0036   13.0574
    5.4825    0.0036   13.0601
    5.4882    0.0036   13.0628
    5.4940    0.0036   13.0655
    5.4998    0.0036   13.0681
    5.5056    0.0036   13.0708
    5.5114    0.0036   13.0735
    5.5171    0.0036   13.0761
    5.5229    0.0036   13.0788
    5.5287    0.0036   13.0814
    5.5345    0.0036   13.0841
    5.5402    0.0036   13.0867
    5.5460    0.0036   13.0893
    5.5518    0.0036   13.0919
    5.5576    0.0036   13.0945
    5.5633    0.0036   13.0971
    5.5691    0.0036   13.0997
    5.5749    0.0036   13.1023
    5.5807    0.0036   13.1049
    5.5865    0.0036   13.1075
    5.5922    0.0036   13.1101
    5.5980    0.0036   13.1127
    5.6038    0.0036   13.1152
    5.6096    0.0036   13.1178
    5.6153    0.0036   13.1203
    5.6211    0.0036   13.1229
    5.6269    0.0036   13.1254
    5.6327    0.0036   13.1280
    5.6385    0.0036   13.1305
    5.6442    0.0036   13.1330
    5.6500    0.0036   13.1355
    5.6558    0.0036   13.1380
    5.6616    0.0037   13.1406
    5.6673    0.0037   13.1431
    5.6731    0.0037   13.1455
    5.6789    0.0037   13.1480
    5.6847    0.0037   13.1505
    5.6904    0.0037   13.1530
    5.6962    0.0037   13.1555
    5.7020    0.0037   13.1579
    5.7078    0.0037   13.1604
    5.7136    0.0037   13.1629
    5.7193    0.0037   13.1653
    5.7251    0.0037   13.1678
    5.7309    0.0037   13.1702
    5.7367    0.0037   13.1726
    5.7424    0.0037   13.1751
    5.7482    0.0037   13.1775
    5.7540    0.0037   13.1799
    5.7598    0.0037   13.1823
    5.7656    0.0037   13.1847
    5.7713    0.0037   13.1871
    5.7771    0.0037   13.1895
    5.7829    0.0037   13.1919
    5.7887    0.0037   13.1943
    5.7944    0.0037   13.1967
    5.8002    0.0037   13.1991
    5.8060    0.0037   13.2014
    5.8118    0.0037   13.2038
    5.8176    0.0037   13.2062
    5.8233    0.0037   13.2085
    5.8291    0.0037   13.2109
    5.8349    0.0037   13.2132
    5.8407    0.0037   13.2156
    5.8464    0.0037   13.2179
    5.8522    0.0037   13.2202
    5.8580    0.0037   13.2226
    5.8638    0.0037   13.2249
    5.8695    0.0037   13.2272
    5.8753    0.0037   13.2295
    5.8811    0.0037   13.2318
    5.8869    0.0037   13.2341
    5.8927    0.0037   13.2364
    5.8984    0.0037   13.2387
    5.9042    0.0037   13.2410
    5.9100    0.0037   13.2433
    5.9158    0.0037   13.2455
    5.9215    0.0037   13.2478
    5.9273    0.0037   13.2501
    5.9331    0.0037   13.2523
    5.9389    0.0037   13.2546
    5.9447    0.0037   13.2568
    5.9504    0.0037   13.2591
    5.9562    0.0037   13.2613
    5.9620    0.0037   13.2636
    5.9678    0.0037   13.2658
    5.9735    0.0037   13.2680
    5.9793    0.0037   13.2702
    5.9851    0.0037   13.2724
    5.9909    0.0037   13.2747
    5.9966    0.0037   13.2769
    6.0024    0.0037   13.2791
    6.0082    0.0037   13.2813
    6.0140    0.0035   12.6253
    6.0198    0.0028   10.0722
    6.0255    0.0019    6.7201
    6.0313    0.0011    3.8977
    6.0371    0.0006    2.0347
    6.0429    0.0003    0.9803
    6.0486    0.0001    0.4438
    6.0544    0.0001    0.1911
    6.0602    0.0000    0.0791
    6.0660    0.0000    0.0316
    6.0718    0.0000    0.0122
    6.0775    0.0000    0.0046
    6.0833    0.0000    0.0017
    6.0891    0.0000    0.0006
    6.0949    0.0000    0.0001

Peak flow=   0.0037 m3/s=   13.2813 mm/h
Time to peak=    6.01 h=   360.49 min
Number of final hydrograph steps (nhyd)  =  966
Time to ponding=   0.518 h
