File: output/Haan_pg91.out                             UH v3.0.8, 09/2023
 
  
  HYDROGRAPH CALCULATION FOR WATERSHED-SCS METHOD
  
 INPUTS
 ------
Storm Rainfall=  127.00 mm
SCS storm type= II   
Storm duration=  24.0 h
SCS Curve number=  62.5
Watershed area=   40.47 ha
Maximum flow path length= 1524.00 m
Average slope of flow path=   55.00 %
MUSLE type=  1 where R-factor is (see manual)
  0=Foster, 1=Williams,   2=GLEAMS
  3=Cooley, 4=PRZM-MUSLE, 5=PRZM-MUSS
  
 OUTPUTS
 -------
Runoff volume=  367.69 mm=******** m3
Initial Abstraction=   30.48 mm
Concentration time=    0.42 h=    25.22 min
  
 SCS  6.1-min unit hydrograph
 time (h)    q(m3/s)   q(mm/h)
------------------------------
    0.0000    0.0000    0.0000
    0.1009    0.0557    0.4959
    0.2018    0.2165    1.9254
    0.3027    0.2841    2.5272
    0.4036    0.2392    2.1276
    0.5044    0.1579    1.4043
    0.6053    0.0893    0.7947
    0.7062    0.0455    0.4044
    0.8071    0.0214    0.1904
    0.9080    0.0095    0.0845
    1.0089    0.0040    0.0358
    1.1098    0.0016    0.0146
    1.2107    0.0006    0.0058
    1.3116    0.0002    0.0022
    1.4124    0.0001    0.0008
    1.5133    0.0000    0.0003
    1.6142    0.0000    0.0001

PASSED unit hydrograph check- V(mm)=  1.01
Number of unit hydrograph steps (n)  =   17
Number of excess hyetograph steps (m)=  128

 Final hydrograph (convolution)
 time (h)    q(m3/s)   q(mm/h)
------------------------------
   11.1933    0.0000    0.0000
   11.2942    0.0001    0.0012
   11.3951    0.0014    0.0124
   11.4959    0.0060    0.0538
   11.5968    0.0161    0.1431
   11.6977    0.0330    0.2940
   11.7986    0.0594    0.5281
   11.8995    0.1008    0.8964
   12.0004    0.1742    1.5496
   12.1013    0.5183    4.6104
   12.2022    1.6659   14.8189
   12.3031    3.1712   28.2093
   12.4039    3.7241   33.1275
   12.5048    3.3290   29.6134
   12.6057    2.5864   23.0074
   12.7066    1.9015   16.9145
   12.8075    1.4018   12.4696
   12.9084    1.0734    9.5488
   13.0093    0.8651    7.6958
   13.1102    0.7314    6.5060
   13.2111    0.6416    5.7077
   13.3119    0.5778    5.1397
   13.4128    0.5296    4.7112
   13.5137    0.4915    4.3718
   13.6146    0.4601    4.0928
   13.7155    0.4336    3.8571
   13.8164    0.4108    3.6540
   13.9173    0.3908    3.4767
   14.0182    0.3732    3.3200
   14.1191    0.3575    3.1800
   14.2199    0.3433    3.0541
   14.3208    0.3305    2.9400
   14.4217    0.3188    2.8361
   14.5226    0.3081    2.7410
   14.6235    0.2983    2.6535
   14.7244    0.2892    2.5727
   14.8253    0.2808    2.4978
   14.9262    0.2730    2.4282
   15.0271    0.2657    2.3632
   15.1279    0.2588    2.3024
   15.2288    0.2524    2.2454
   15.3297    0.2464    2.1917
   15.4306    0.2407    2.1412
   15.5315    0.2353    2.0935
   15.6324    0.2303    2.0483
   15.7333    0.2255    2.0055
   15.8342    0.2209    1.9649
   15.9351    0.2165    1.9263
   16.0359    0.2124    1.8895
   16.1368    0.2085    1.8544
   16.2377    0.2047    1.8209
   16.3386    0.2011    1.7889
   16.4395    0.1976    1.7582
   16.5404    0.1943    1.7288
   16.6413    0.1912    1.7006
   16.7422    0.1881    1.6735
   16.8431    0.1852    1.6475
   16.9439    0.1824    1.6225
   17.0448    0.1797    1.5984
   17.1457    0.1771    1.5751
   17.2466    0.1746    1.5527
   17.3475    0.1721    1.5311
   17.4484    0.1698    1.5102
   17.5493    0.1675    1.4900
   17.6502    0.1653    1.4704
   17.7511    0.1632    1.4515
   17.8519    0.1611    1.4332
   17.9528    0.1591    1.4154
   18.0537    0.1572    1.3982
   18.1546    0.1553    1.3815
   18.2555    0.1535    1.3653
   18.3564    0.1517    1.3495
   18.4573    0.1500    1.3342
   18.5582    0.1483    1.3193
   18.6591    0.1467    1.3049
   18.7599    0.1451    1.2908
   18.8608    0.1436    1.2771
   18.9617    0.1421    1.2637
   19.0626    0.1406    1.2507
   19.1635    0.1392    1.2380
   19.2644    0.1378    1.2256
   19.3653    0.1364    1.2136
   19.4662    0.1351    1.2018
   19.5671    0.1338    1.1903
   19.6679    0.1325    1.1791
   19.7688    0.1313    1.1681
   19.8697    0.1301    1.1574
   19.9706    0.1289    1.1469
   20.0715    0.1278    1.1367
   20.1724    0.1267    1.1266
   20.2733    0.1256    1.1168
   20.3742    0.1245    1.1072
   20.4751    0.1234    1.0979
   20.5759    0.1224    1.0887
   20.6768    0.1214    1.0797
   20.7777    0.1204    1.0708
   20.8786    0.1194    1.0622
   20.9795    0.1185    1.0537
   21.0804    0.1175    1.0454
   21.1813    0.1166    1.0373
   21.2822    0.1157    1.0293
   21.3831    0.1148    1.0214
   21.4839    0.1140    1.0137
   21.5848    0.1131    1.0062
   21.6857    0.1123    0.9988
   21.7866    0.1115    0.9915
   21.8875    0.1107    0.9843
   21.9884    0.1099    0.9773
   22.0893    0.1091    0.9704
   22.1902    0.1083    0.9636
   22.2911    0.1076    0.9570
   22.3919    0.1068    0.9504
   22.4928    0.1061    0.9440
   22.5937    0.1054    0.9377
   22.6946    0.1047    0.9314
   22.7955    0.1040    0.9253
   22.8964    0.1033    0.9193
   22.9973    0.1027    0.9134
   23.0982    0.1020    0.9075
   23.1991    0.1014    0.9018
   23.2999    0.1007    0.8961
   23.4008    0.1001    0.8906
   23.5017    0.0995    0.8851
   23.6026    0.0989    0.8797
   23.7035    0.0983    0.8744
   23.8044    0.0977    0.8691
   23.9053    0.0971    0.8640
   24.0062    0.0966    0.8589
   24.1071    0.0960    0.8539
   24.2079    0.0908    0.8076
   24.3088    0.0722    0.6423
   24.4097    0.0481    0.4278
   24.5106    0.0279    0.2479
   24.6115    0.0145    0.1293
   24.7124    0.0070    0.0623
   24.8133    0.0032    0.0282
   24.9142    0.0014    0.0121
   25.0151    0.0006    0.0050
   25.1159    0.0002    0.0020
   25.2168    0.0001    0.0008
   25.3177    0.0000    0.0003
   25.4186    0.0000    0.0001
   25.5195    0.0000    0.0000
   25.6204    0.0000    0.0000

Peak flow=   3.7241 m3/s=   33.1275 mm/h
Time to peak=   12.40 h=   744.24 min
Number of final hydrograph steps (nhyd)  =  144
Time to ponding=  11.132 h
