File: output/k263-91.out                               UH v3.0.8, 09/2023
 
  
  HYDROGRAPH CALCULATION FOR WATERSHED-SCS METHOD
  
 INPUTS
 ------
Storm Rainfall=   20.32 mm
SCS storm type= user 
Storm duration=   1.0 h
SCS Curve number=  78.4
Watershed area=    0.01 ha
Maximum flow path length=   37.00 m
Average slope of flow path=    2.00 %
MUSLE type=  1 where R-factor is (see manual)
  0=Foster, 1=Williams,   2=GLEAMS
  3=Cooley, 4=PRZM-MUSLE, 5=PRZM-MUSS
  
 OUTPUTS
 -------
Runoff volume=    1.32 mm=    0.20 m3
Initial Abstraction=   14.00 mm
Concentration time=    0.07 h=     4.37 min
  
 SCS  1.0-min unit hydrograph
 time (h)    q(m3/s)   q(mm/h)
------------------------------
    0.0000    0.0000    0.0000
    0.0175    0.0001    2.8636
    0.0349    0.0005   11.1180
    0.0524    0.0006   14.5924
    0.0699    0.0005   12.2852
    0.0874    0.0003    8.1090
    0.1048    0.0002    4.5890
    0.1223    0.0001    2.3353
    0.1398    0.0000    1.0995
    0.1573    0.0000    0.4879
    0.1747    0.0000    0.2066
    0.1922    0.0000    0.0842
    0.2097    0.0000    0.0333
    0.2271    0.0000    0.0128
    0.2446    0.0000    0.0048
    0.2621    0.0000    0.0018
    0.2796    0.0000    0.0006

PASSED unit hydrograph check- V(mm)=  1.01
Number of unit hydrograph steps (n)  =   17
Number of excess hyetograph steps (m)=   20

 Final hydrograph (convolution)
 time (h)    q(m3/s)   q(mm/h)
------------------------------
    0.6724    0.0000    0.0000
    0.6899    0.0000    0.0003
    0.7074    0.0000    0.0080
    0.7248    0.0000    0.0433
    0.7423    0.0000    0.1197
    0.7598    0.0000    0.2339
    0.7772    0.0000    0.3743
    0.7947    0.0000    0.5293
    0.8122    0.0000    0.6911
    0.8297    0.0000    0.8549
    0.8471    0.0000    1.0184
    0.8646    0.0000    1.1805
    0.8821    0.0001    1.3408
    0.8996    0.0001    1.4991
    0.9170    0.0001    1.6553
    0.9345    0.0001    1.8095
    0.9520    0.0001    1.9616
    0.9694    0.0001    2.1117
    0.9869    0.0001    2.2598
    1.0044    0.0001    2.4060
    1.0219    0.0001    2.5502
    1.0393    0.0001    2.5399
    1.0568    0.0001    2.0810
    1.0743    0.0001    1.4089
    1.0917    0.0000    0.8243
    1.1092    0.0000    0.4327
    1.1267    0.0000    0.2093
    1.1442    0.0000    0.0950
    1.1616    0.0000    0.0410
    1.1791    0.0000    0.0170
    1.1966    0.0000    0.0068
    1.2141    0.0000    0.0026
    1.2315    0.0000    0.0010
    1.2490    0.0000    0.0004
    1.2665    0.0000    0.0001
    1.2839    0.0000    0.0000

Peak flow=   0.0001 m3/s=    2.5502 mm/h
Time to peak=    1.02 h=    61.31 min
Number of final hydrograph steps (nhyd)  =   36
Time to ponding=   0.668 h
