File: output/sample_CN_S06_Kuser.out                   UH v3.0.8, 09/2023
 
  
  HYDROGRAPH CALCULATION FOR WATERSHED-SCS METHOD
  
 INPUTS
 ------
Storm Rainfall=   33.03 mm
SCS storm type= user1
Storm duration=   6.0 h
SCS Curve number=  81.0
Watershed area=    0.24 ha
Maximum flow path length=   31.00 m
Average slope of flow path=   12.15 %
MUSLE type=  1 where R-factor is (see manual)
  0=Foster, 1=Williams,   2=GLEAMS
  3=Cooley, 4=PRZM-MUSLE, 5=PRZM-MUSS
  
 OUTPUTS
 -------
Runoff volume=   25.38 mm=   60.91 m3
Initial Abstraction=   11.92 mm
Concentration time=    0.02 h=     1.42 min
  
 SCS  0.3-min unit hydrograph
 time (h)    q(m3/s)   q(mm/h)
------------------------------
    0.0000    0.0000    0.0000
    0.0057    0.0059    8.8155
    0.0114    0.0228   34.2268
    0.0170    0.0299   44.9228
    0.0227    0.0252   37.8201
    0.0284    0.0166   24.9638
    0.0341    0.0094   14.1273
    0.0397    0.0048    7.1893
    0.0454    0.0023    3.3849
    0.0511    0.0010    1.5019
    0.0568    0.0004    0.6359
    0.0624    0.0002    0.2592
    0.0681    0.0001    0.1024
    0.0738    0.0000    0.0394
    0.0795    0.0000    0.0148
    0.0851    0.0000    0.0055

PASSED unit hydrograph check- V(mm)=  1.01
Number of unit hydrograph steps (n)  =   16
Number of excess hyetograph steps (m)=  563

 Final hydrograph (convolution)
 time (h)    q(m3/s)   q(mm/h)
------------------------------
    2.8129    0.0000    0.0000
    2.8185    0.0000    0.0000
    2.8242    0.0000    0.0012
    2.8299    0.0000    0.0080
    2.8356    0.0000    0.0249
    2.8412    0.0000    0.0550
    2.8469    0.0001    0.1085
    2.8526    0.0001    0.1965
    2.8583    0.0002    0.3119
    2.8639    0.0003    0.4417
    2.8696    0.0004    0.5768
    2.8753    0.0005    0.7130
    2.8810    0.0006    0.8486
    2.8866    0.0007    0.9832
    2.8923    0.0007    1.1167
    2.8980    0.0008    1.2492
    2.9037    0.0009    1.3807
    2.9093    0.0010    1.5111
    2.9150    0.0011    1.6405
    2.9207    0.0012    1.7690
    2.9264    0.0013    1.9822
    2.9320    0.0017    2.4955
    2.9377    0.0022    3.2878
    2.9434    0.0028    4.1508
    2.9491    0.0033    4.9411
    2.9547    0.0038    5.6257
    2.9604    0.0042    6.2253
    2.9661    0.0045    6.7697
    2.9718    0.0049    7.2814
    2.9774    0.0052    7.7734
    2.9831    0.0055    8.2528
    2.9888    0.0058    8.7228
    2.9945    0.0061    9.1850
    3.0001    0.0064    9.6402
    3.0058    0.0067   10.0886
    3.0115    0.0068   10.1872
    3.0172    0.0062    9.2724
    3.0229    0.0052    7.8685
    3.0285    0.0044    6.6492
    3.0342    0.0039    5.8538
    3.0399    0.0036    5.4298
    3.0456    0.0035    5.2474
    3.0512    0.0035    5.1983
    3.0569    0.0035    5.2154
    3.0626    0.0035    5.2628
    3.0683    0.0035    5.3232
    3.0739    0.0036    5.3888
    3.0796    0.0036    5.4563
    3.0853    0.0037    5.5242
    3.0910    0.0037    5.5584
    3.0966    0.0036    5.4172
    3.1023    0.0033    5.0078
    3.1080    0.0030    4.5228
    3.1137    0.0028    4.1391
    3.1193    0.0026    3.9017
    3.1250    0.0025    3.7807
    3.1307    0.0025    3.7323
    3.1364    0.0025    3.7229
    3.1420    0.0025    3.7327
    3.1477    0.0025    3.7511
    3.1534    0.0025    3.7732
    3.1591    0.0025    3.7968
    3.1647    0.0025    3.8209
    3.1704    0.0026    3.8452
    3.1761    0.0026    3.8399
    3.1818    0.0025    3.7299
    3.1874    0.0024    3.5279
    3.1931    0.0022    3.3243
    3.1988    0.0021    3.1767
    3.2045    0.0021    3.0913
    3.2101    0.0020    3.0515
    3.2158    0.0020    3.0386
    3.2215    0.0020    3.0400
    3.2272    0.0020    3.0482
    3.2328    0.0020    3.0593
    3.2385    0.0020    3.0718
    3.2442    0.0021    3.0848
    3.2499    0.0021    3.0979
    3.2555    0.0021    3.1111
    3.2612    0.0021    3.0982
    3.2669    0.0020    3.0075
    3.2726    0.0019    2.8774
    3.2783    0.0018    2.7643
    3.2839    0.0018    2.6902
    3.2896    0.0018    2.6511
    3.2953    0.0018    2.6351
    3.3010    0.0018    2.6320
    3.3066    0.0018    2.6354
    3.3123    0.0018    2.6418
    3.3180    0.0018    2.6495
    3.3237    0.0018    2.6578
    3.3293    0.0018    2.6663
    3.3350    0.0018    2.6748
    3.3407    0.0018    2.6792
    3.3464    0.0018    2.6566
    3.3520    0.0017    2.5861
    3.3577    0.0017    2.5006
    3.3634    0.0016    2.4326
    3.3691    0.0016    2.3908
    3.3747    0.0016    2.3703
    3.3804    0.0016    2.3630
    3.3861    0.0016    2.3629
    3.3918    0.0016    2.3663
    3.3974    0.0016    2.3714
    3.4031    0.0016    2.3771
    3.4088    0.0016    2.3831
    3.4145    0.0016    2.3892
    3.4201    0.0016    2.3953
    3.4258    0.0016    2.3940
    3.4315    0.0016    2.3644
    3.4372    0.0015    2.3063
    3.4428    0.0015    2.2457
    3.4485    0.0015    2.2011
    3.4542    0.0015    2.1752
    3.4599    0.0014    2.1633
    3.4655    0.0014    2.1598
    3.4712    0.0014    2.1607
    3.4769    0.0014    2.1637
    3.4826    0.0014    2.1677
    3.4882    0.0014    2.1722
    3.4939    0.0015    2.1768
    3.4996    0.0015    2.1814
    3.5053    0.0015    2.1861
    3.5109    0.0015    2.1819
    3.5166    0.0014    2.1502
    3.5223    0.0014    2.1025
    3.5280    0.0014    2.0595
    3.5337    0.0014    2.0308
    3.5393    0.0013    2.0154
    3.5450    0.0013    2.0091
    3.5507    0.0013    2.0081
    3.5564    0.0013    2.0097
    3.5620    0.0013    2.0125
    3.5677    0.0013    2.0158
    3.5734    0.0013    2.0194
    3.5791    0.0013    2.0231
    3.5847    0.0014    2.0268
    3.5904    0.0014    2.0293
    3.5961    0.0013    2.0205
    3.6018    0.0013    1.9880
    3.6074    0.0013    1.9470
    3.6131    0.0013    1.9139
    3.6188    0.0013    1.8934
    3.6245    0.0013    1.8832
    3.6301    0.0013    1.8796
    3.6358    0.0013    1.8795
    3.6415    0.0013    1.8812
    3.6472    0.0013    1.8836
    3.6528    0.0013    1.8865
    3.6585    0.0013    1.8894
    3.6642    0.0013    1.8924
    3.6699    0.0013    1.8955
    3.6755    0.0013    1.8954
    3.6812    0.0013    1.8823
    3.6869    0.0012    1.8540
    3.6926    0.0012    1.8234
    3.6982    0.0012    1.8004
    3.7039    0.0012    1.7869
    3.7096    0.0012    1.7807
    3.7153    0.0012    1.7789
    3.7209    0.0012    1.7795
    3.7266    0.0012    1.7812
    3.7323    0.0012    1.7834
    3.7380    0.0012    1.7858
    3.7436    0.0012    1.7883
    3.7493    0.0012    1.7908
    3.7550    0.0012    1.7934
    3.7607    0.0012    1.7915
    3.7663    0.0012    1.7752
    3.7720    0.0012    1.7492
    3.7777    0.0011    1.7249
    3.7834    0.0011    1.7083
    3.7891    0.0011    1.6992
    3.7947    0.0011    1.6954
    3.8004    0.0011    1.6947
    3.8061    0.0011    1.6956
    3.8118    0.0011    1.6972
    3.8174    0.0011    1.6992
    3.8231    0.0011    1.7013
    3.8288    0.0011    1.7035
    3.8345    0.0011    1.7057
    3.8401    0.0011    1.7076
    3.8458    0.0011    1.7035
    3.8515    0.0011    1.6843
    3.8572    0.0011    1.6591
    3.8628    0.0011    1.6384
    3.8685    0.0011    1.6254
    3.8742    0.0011    1.6189
    3.8799    0.0011    1.6166
    3.8855    0.0011    1.6165
    3.8912    0.0011    1.6175
    3.8969    0.0011    1.6190
    3.9026    0.0011    1.6208
    3.9082    0.0011    1.6226
    3.9139    0.0011    1.6245
    3.9196    0.0011    1.6264
    3.9253    0.0011    1.6267
    3.9309    0.0011    1.6196
    3.9366    0.0011    1.6025
    3.9423    0.0011    1.5831
    3.9480    0.0010    1.5683
    3.9536    0.0010    1.5596
    3.9593    0.0010    1.5555
    3.9650    0.0010    1.5542
    3.9707    0.0010    1.5546
    3.9763    0.0010    1.5557
    3.9820    0.0010    1.5571
    3.9877    0.0010    1.5587
    3.9934    0.0010    1.5603
    3.9990    0.0010    1.5620
    4.0047    0.0010    1.5636
    4.0104    0.0010    1.5625
    4.0161    0.0010    1.5517
    4.0217    0.0010    1.5334
    4.0274    0.0010    1.5157
    4.0331    0.0010    1.5031
    4.0388    0.0010    1.4961
    4.0445    0.0010    1.4930
    4.0501    0.0010    1.4923
    4.0558    0.0010    1.4927
    4.0615    0.0010    1.4938
    4.0672    0.0010    1.4951
    4.0728    0.0010    1.4965
    4.0785    0.0010    1.4979
    4.0842    0.0010    1.4994
    4.0899    0.0010    1.5009
    4.0955    0.0010    1.4990
    4.1012    0.0010    1.4875
    4.1069    0.0010    1.4718
    4.1126    0.0010    1.4585
    4.1182    0.0010    1.4501
    4.1239    0.0010    1.4459
    4.1296    0.0010    1.4444
    4.1353    0.0010    1.4444
    4.1409    0.0010    1.4451
    4.1466    0.0010    1.4462
    4.1523    0.0010    1.4474
    4.1580    0.0010    1.4487
    4.1636    0.0010    1.4500
    4.1693    0.0010    1.4513
    4.1750    0.0010    1.4518
    4.1807    0.0010    1.4473
    4.1863    0.0010    1.4350
    4.1920    0.0009    1.4206
    4.1977    0.0009    1.4094
    4.2034    0.0009    1.4026
    4.2090    0.0009    1.3994
    4.2147    0.0009    1.3983
    4.2204    0.0009    1.3985
    4.2261    0.0009    1.3992
    4.2317    0.0009    1.4002
    4.2374    0.0009    1.4014
    4.2431    0.0009    1.4025
    4.2488    0.0009    1.4037
    4.2544    0.0009    1.4049
    4.2601    0.0009    1.4045
    4.2658    0.0009    1.3982
    4.2715    0.0009    1.3865
    4.2771    0.0009    1.3748
    4.2828    0.0009    1.3663
    4.2885    0.0009    1.3615
    4.2942    0.0009    1.3594
    4.2999    0.0009    1.3589
    4.3055    0.0009    1.3593
    4.3112    0.0009    1.3601
    4.3169    0.0009    1.3610
    4.3226    0.0009    1.3621
    4.3282    0.0009    1.3632
    4.3339    0.0009    1.3642
    4.3396    0.0009    1.3653
    4.3453    0.0009    1.3639
    4.3509    0.0009    1.3549
    4.3566    0.0009    1.3420
    4.3623    0.0009    1.3306
    4.3680    0.0009    1.3232
    4.3736    0.0009    1.3193
    4.3793    0.0009    1.3177
    4.3850    0.0009    1.3175
    4.3907    0.0009    1.3180
    4.3963    0.0009    1.3187
    4.4020    0.0009    1.3196
    4.4077    0.0009    1.3206
    4.4134    0.0009    1.3215
    4.4190    0.0009    1.3225
    4.4247    0.0009    1.3231
    4.4304    0.0009    1.3207
    4.4361    0.0009    1.3129
    4.4417    0.0009    1.3033
    4.4474    0.0009    1.2956
    4.4531    0.0009    1.2910
    4.4588    0.0009    1.2888
    4.4644    0.0009    1.2882
    4.4701    0.0009    1.2884
    4.4758    0.0009    1.2890
    4.4815    0.0009    1.2898
    4.4871    0.0009    1.2906
    4.4928    0.0009    1.2915
    4.4985    0.0009    1.2924
    4.5042    0.0009    1.2934
    4.5098    0.0009    1.2931
    4.5155    0.0009    1.2881
    4.5212    0.0009    1.2782
    4.5269    0.0008    1.2678
    4.5325    0.0008    1.2601
    4.5382    0.0008    1.2556
    4.5439    0.0008    1.2536
    4.5496    0.0008    1.2530
    4.5553    0.0008    1.2532
    4.5609    0.0008    1.2537
    4.5666    0.0008    1.2544
    4.5723    0.0008    1.2552
    4.5780    0.0008    1.2560
    4.5836    0.0008    1.2569
    4.5893    0.0008    1.2577
    4.5950    0.0008    1.2568
    4.6007    0.0008    1.2504
    4.6063    0.0008    1.2406
    4.6120    0.0008    1.2317
    4.6177    0.0008    1.2256
    4.6234    0.0008    1.2224
    4.6290    0.0008    1.2211
    4.6347    0.0008    1.2208
    4.6404    0.0008    1.2211
    4.6461    0.0008    1.2217
    4.6517    0.0008    1.2224
    4.6574    0.0008    1.2232
    4.6631    0.0008    1.2239
    4.6688    0.0008    1.2247
    4.6744    0.0008    1.2253
    4.6801    0.0008    1.2238
    4.6858    0.0008    1.2177
    4.6915    0.0008    1.2098
    4.6971    0.0008    1.2035
    4.7028    0.0008    1.1996
    4.7085    0.0008    1.1977
    4.7142    0.0008    1.1971
    4.7198    0.0008    1.1973
    4.7255    0.0008    1.1977
    4.7312    0.0008    1.1983
    4.7369    0.0008    1.1990
    4.7425    0.0008    1.1997
    4.7482    0.0008    1.2004
    4.7539    0.0008    1.2011
    4.7596    0.0008    1.2010
    4.7652    0.0008    1.1974
    4.7709    0.0008    1.1894
    4.7766    0.0008    1.1807
    4.7823    0.0008    1.1741
    4.7879    0.0008    1.1702
    4.7936    0.0008    1.1684
    4.7993    0.0008    1.1678
    4.8050    0.0008    1.1679
    4.8107    0.0008    1.1683
    4.8163    0.0008    1.1689
    4.8220    0.0008    1.1695
    4.8277    0.0008    1.1702
    4.8334    0.0008    1.1708
    4.8390    0.0008    1.1715
    4.8447    0.0008    1.1711
    4.8504    0.0008    1.1671
    4.8561    0.0008    1.1607
    4.8617    0.0008    1.1546
    4.8674    0.0008    1.1504
    4.8731    0.0008    1.1481
    4.8788    0.0008    1.1472
    4.8844    0.0008    1.1471
    4.8901    0.0008    1.1474
    4.8958    0.0008    1.1478
    4.9015    0.0008    1.1484
    4.9071    0.0008    1.1490
    4.9128    0.0008    1.1497
    4.9185    0.0008    1.1503
    4.9242    0.0008    1.1509
    4.9298    0.0008    1.1499
    4.9355    0.0008    1.1446
    4.9412    0.0008    1.1376
    4.9469    0.0008    1.1317
    4.9525    0.0008    1.1281
    4.9582    0.0008    1.1263
    4.9639    0.0008    1.1257
    4.9696    0.0008    1.1258
    4.9752    0.0008    1.1261
    4.9809    0.0008    1.1266
    4.9866    0.0008    1.1271
    4.9923    0.0008    1.1277
    4.9979    0.0008    1.1283
    5.0036    0.0008    1.1289
    5.0093    0.0008    1.1290
    5.0150    0.0008    1.1266
    5.0206    0.0007    1.1207
    5.0263    0.0007    1.1139
    5.0320    0.0007    1.1087
    5.0377    0.0007    1.1056
    5.0433    0.0007    1.1041
    5.0490    0.0007    1.1036
    5.0547    0.0007    1.1037
    5.0604    0.0007    1.1041
    5.0661    0.0007    1.1045
    5.0717    0.0007    1.1051
    5.0774    0.0007    1.1056
    5.0831    0.0007    1.1062
    5.0888    0.0007    1.1067
    5.0944    0.0007    1.1063
    5.1001    0.0007    1.1025
    5.1058    0.0007    1.0959
    5.1115    0.0007    1.0894
    5.1171    0.0007    1.0848
    5.1228    0.0007    1.0822
    5.1285    0.0007    1.0811
    5.1342    0.0007    1.0808
    5.1398    0.0007    1.0809
    5.1455    0.0007    1.0813
    5.1512    0.0007    1.0817
    5.1569    0.0007    1.0822
    5.1625    0.0007    1.0827
    5.1682    0.0007    1.0832
    5.1739    0.0007    1.0838
    5.1796    0.0007    1.0833
    5.1852    0.0007    1.0800
    5.1909    0.0007    1.0753
    5.1966    0.0007    1.0714
    5.2023    0.0007    1.0689
    5.2079    0.0007    1.0677
    5.2136    0.0007    1.0673
    5.2193    0.0007    1.0674
    5.2250    0.0007    1.0677
    5.2306    0.0007    1.0681
    5.2363    0.0007    1.0686
    5.2420    0.0007    1.0691
    5.2477    0.0007    1.0696
    5.2533    0.0007    1.0701
    5.2590    0.0007    1.0702
    5.2647    0.0007    1.0685
    5.2704    0.0007    1.0636
    5.2760    0.0007    1.0577
    5.2817    0.0007    1.0531
    5.2874    0.0007    1.0503
    5.2931    0.0007    1.0490
    5.2987    0.0007    1.0486
    5.3044    0.0007    1.0486
    5.3101    0.0007    1.0489
    5.3158    0.0007    1.0493
    5.3215    0.0007    1.0497
    5.3271    0.0007    1.0502
    5.3328    0.0007    1.0507
    5.3385    0.0007    1.0511
    5.3442    0.0007    1.0509
    5.3498    0.0007    1.0479
    5.3555    0.0007    1.0425
    5.3612    0.0007    1.0369
    5.3669    0.0007    1.0328
    5.3725    0.0007    1.0304
    5.3782    0.0007    1.0294
    5.3839    0.0007    1.0291
    5.3896    0.0007    1.0292
    5.3952    0.0007    1.0295
    5.4009    0.0007    1.0298
    5.4066    0.0007    1.0303
    5.4123    0.0007    1.0307
    5.4179    0.0007    1.0311
    5.4236    0.0007    1.0316
    5.4293    0.0007    1.0311
    5.4350    0.0007    1.0279
    5.4406    0.0007    1.0232
    5.4463    0.0007    1.0190
    5.4520    0.0007    1.0162
    5.4577    0.0007    1.0148
    5.4633    0.0007    1.0143
    5.4690    0.0007    1.0142
    5.4747    0.0007    1.0144
    5.4804    0.0007    1.0148
    5.4860    0.0007    1.0152
    5.4917    0.0007    1.0156
    5.4974    0.0007    1.0160
    5.5031    0.0007    1.0164
    5.5087    0.0007    1.0167
    5.5144    0.0007    1.0155
    5.5201    0.0007    1.0116
    5.5258    0.0007    1.0068
    5.5314    0.0007    1.0029
    5.5371    0.0007    1.0006
    5.5428    0.0007    0.9994
    5.5485    0.0007    0.9990
    5.5541    0.0007    0.9991
    5.5598    0.0007    0.9993
    5.5655    0.0007    0.9997
    5.5712    0.0007    1.0000
    5.5769    0.0007    1.0004
    5.5825    0.0007    1.0008
    5.5882    0.0007    1.0012
    5.5939    0.0007    1.0011
    5.5996    0.0007    0.9990
    5.6052    0.0007    0.9947
    5.6109    0.0007    0.9901
    5.6166    0.0007    0.9866
    5.6223    0.0007    0.9846
    5.6279    0.0007    0.9837
    5.6336    0.0007    0.9835
    5.6393    0.0007    0.9835
    5.6450    0.0007    0.9838
    5.6506    0.0007    0.9841
    5.6563    0.0007    0.9845
    5.6620    0.0007    0.9849
    5.6677    0.0007    0.9852
    5.6733    0.0007    0.9856
    5.6790    0.0007    0.9852
    5.6847    0.0007    0.9821
    5.6904    0.0007    0.9773
    5.6960    0.0006    0.9729
    5.7017    0.0006    0.9699
    5.7074    0.0006    0.9683
    5.7131    0.0006    0.9676
    5.7187    0.0006    0.9674
    5.7244    0.0006    0.9676
    5.7301    0.0006    0.9678
    5.7358    0.0006    0.9682
    5.7414    0.0006    0.9685
    5.7471    0.0006    0.9689
    5.7528    0.0006    0.9692
    5.7585    0.0006    0.9695
    5.7641    0.0006    0.9689
    5.7698    0.0006    0.9660
    5.7755    0.0006    0.9624
    5.7812    0.0006    0.9593
    5.7868    0.0006    0.9575
    5.7925    0.0006    0.9566
    5.7982    0.0006    0.9563
    5.8039    0.0006    0.9564
    5.8095    0.0006    0.9566
    5.8152    0.0006    0.9569
    5.8209    0.0006    0.9572
    5.8266    0.0006    0.9576
    5.8323    0.0006    0.9579
    5.8379    0.0006    0.9583
    5.8436    0.0006    0.9583
    5.8493    0.0006    0.9569
    5.8550    0.0006    0.9538
    5.8606    0.0006    0.9502
    5.8663    0.0006    0.9476
    5.8720    0.0006    0.9460
    5.8777    0.0006    0.9453
    5.8833    0.0006    0.9451
    5.8890    0.0006    0.9452
    5.8947    0.0006    0.9454
    5.9004    0.0006    0.9457
    5.9060    0.0006    0.9460
    5.9117    0.0006    0.9464
    5.9174    0.0006    0.9467
    5.9231    0.0006    0.9470
    5.9287    0.0006    0.9474
    5.9344    0.0006    0.9477
    5.9401    0.0006    0.9480
    5.9458    0.0006    0.9484
    5.9514    0.0006    0.9487
    5.9571    0.0006    0.9490
    5.9628    0.0006    0.9494
    5.9685    0.0006    0.9497
    5.9741    0.0006    0.9500
    5.9798    0.0006    0.9504
    5.9855    0.0006    0.9507
    5.9912    0.0006    0.9510
    5.9968    0.0006    0.9514
    6.0025    0.0006    0.9517
    6.0082    0.0006    0.9521
    6.0139    0.0006    0.9052
    6.0195    0.0005    0.7222
    6.0252    0.0003    0.4819
    6.0309    0.0002    0.2795
    6.0366    0.0001    0.1459
    6.0422    0.0000    0.0703
    6.0479    0.0000    0.0318
    6.0536    0.0000    0.0137
    6.0593    0.0000    0.0057
    6.0649    0.0000    0.0023
    6.0706    0.0000    0.0009
    6.0763    0.0000    0.0003
    6.0820    0.0000    0.0001
    6.0877    0.0000    0.0000

Peak flow=   0.0068 m3/s=   10.1872 mm/h
Time to peak=    3.01 h=   180.69 min
Number of final hydrograph steps (nhyd)  =  578
Time to ponding=   2.813 h
